<?xml version="1.0" encoding="UTF-8"?>
<!-- Generated by org.testng.reporters.JUnitReportReporter -->
<testsuite skipped="0" hostname="pavan-7717" name="BasicTests.APITest" tests="2" failures="0" timestamp="2023-02-25T22:20:42 IST" time="1.973" errors="0">
  <testcase name="test2" time="0.151" classname="BasicTests.APITest"/>
  <system-out/>
  <testcase name="test1" time="1.822" classname="BasicTests.APITest"/>
  <system-out/>
</testsuite> <!-- BasicTests.APITest -->
